2022-08-27 23:07:25,389 [Worker-0: Loading available Gradle versions] INFO  o.e.b.c.i.u.g.PublishedGradleVersions - Gradle version information cache is out-of-date. Trying to update.
2022-08-27 23:16:53,295 [ModalContext] INFO  o.e.m.c.i.e.AbstractTransferListenerAdapter - Downloading https://repo.maven.apache.org/maven2/org/apache/maven/archetypes/maven-archetype-quickstart/1.1/maven-archetype-quickstart-1.1.jar
2022-08-27 23:16:53,671 [ModalContext] INFO  o.e.m.c.i.e.AbstractTransferListenerAdapter - Downloaded https://repo.maven.apache.org/maven2/org/apache/maven/archetypes/maven-archetype-quickstart/1.1/maven-archetype-quickstart-1.1.jar
2022-08-27 23:16:53,861 [ModalContext] INFO  o.e.m.c.i.e.AbstractTransferListenerAdapter - Downloading https://repo.maven.apache.org/maven2/org/apache/maven/archetypes/maven-archetype-quickstart/1.1/maven-archetype-quickstart-1.1.pom
2022-08-27 23:16:54,062 [ModalContext] INFO  o.e.m.c.i.e.AbstractTransferListenerAdapter - Downloaded https://repo.maven.apache.org/maven2/org/apache/maven/archetypes/maven-archetype-quickstart/1.1/maven-archetype-quickstart-1.1.pom
2022-08-27 23:23:04,298 [Worker-3: Creating maven-archetype-quickstart] INFO  o.e.m.c.i.p.ProjectConfigurationManager - Collecting project info '/pom.xml' C:\Users\hp\Documents\workspace-spring-tool-suite-4-4.15.3.RELEASE\Agevalidation\pom.xml
2022-08-27 23:23:07,357 [Worker-3: Creating maven-archetype-quickstart] INFO  o.e.m.c.i.l.LifecycleMappingFactory - Using org.eclipse.m2e.jdt.JarLifecycleMapping lifecycle mapping for MavenProject: Project:Agevalidation:0.0.1-SNAPSHOT @ C:\Users\hp\Documents\workspace-spring-tool-suite-4-4.15.3.RELEASE\Agevalidation\pom.xml.
2022-08-27 23:23:08,421 [Worker-3: Creating maven-archetype-quickstart] INFO  o.e.m.j.i.AbstractJavaProjectConfigurator - Adding source folder /Agevalidation/src/main/java
2022-08-27 23:23:08,428 [Worker-3: Creating maven-archetype-quickstart] INFO  o.e.m.j.i.AbstractJavaProjectConfigurator - Adding source folder /Agevalidation/src/test/java
2022-08-27 23:23:10,621 [Worker-3: Creating maven-archetype-quickstart] INFO  o.e.m.c.i.p.ProjectConfigurationManager - Imported and configured 1 project(s) in 6 sec
2022-08-27 23:23:11,298 [Worker-3: Building] INFO  o.e.m.c.i.embedder.EclipseLogger - Using 'UTF-8' encoding to copy filtered resources.
2022-08-27 23:23:11,299 [Worker-3: Building] INFO  o.e.m.c.i.embedder.EclipseLogger - skip non existing resourceDirectory C:\Users\hp\Documents\workspace-spring-tool-suite-4-4.15.3.RELEASE\Agevalidation\src\main\resources
2022-08-27 23:23:11,301 [Worker-3: Building] INFO  o.e.m.c.i.embedder.EclipseLogger - Using 'UTF-8' encoding to copy filtered resources.
2022-08-27 23:23:11,301 [Worker-3: Building] INFO  o.e.m.c.i.embedder.EclipseLogger - skip non existing resourceDirectory C:\Users\hp\Documents\workspace-spring-tool-suite-4-4.15.3.RELEASE\Agevalidation\src\test\resources
2022-08-27 23:36:19,765 [Worker-20: Building] INFO  o.e.m.c.i.l.LifecycleMappingFactory - Using org.eclipse.m2e.jdt.JarLifecycleMapping lifecycle mapping for MavenProject: Project:Agevalidation:0.0.1-SNAPSHOT @ C:\Users\hp\Documents\workspace-spring-tool-suite-4-4.15.3.RELEASE\Agevalidation\pom.xml.
2022-08-27 23:36:19,916 [Worker-20: Building] INFO  o.e.m.c.i.embedder.EclipseLogger - Using 'UTF-8' encoding to copy filtered resources.
2022-08-27 23:36:19,916 [Worker-20: Building] INFO  o.e.m.c.i.embedder.EclipseLogger - skip non existing resourceDirectory C:\Users\hp\Documents\workspace-spring-tool-suite-4-4.15.3.RELEASE\Agevalidation\src\main\resources
2022-08-27 23:36:19,918 [Worker-20: Building] INFO  o.e.m.c.i.embedder.EclipseLogger - Using 'UTF-8' encoding to copy filtered resources.
2022-08-27 23:36:19,919 [Worker-20: Building] INFO  o.e.m.c.i.embedder.EclipseLogger - skip non existing resourceDirectory C:\Users\hp\Documents\workspace-spring-tool-suite-4-4.15.3.RELEASE\Agevalidation\src\test\resources
2022-08-27 23:36:21,257 [Worker-19: Building] INFO  o.e.m.c.i.embedder.EclipseLogger - Using 'UTF-8' encoding to copy filtered resources.
2022-08-27 23:36:21,258 [Worker-19: Building] INFO  o.e.m.c.i.embedder.EclipseLogger - skip non existing resourceDirectory C:\Users\hp\Documents\workspace-spring-tool-suite-4-4.15.3.RELEASE\Agevalidation\src\main\resources
2022-08-27 23:36:21,261 [Worker-19: Building] INFO  o.e.m.c.i.embedder.EclipseLogger - Using 'UTF-8' encoding to copy filtered resources.
2022-08-27 23:36:21,261 [Worker-19: Building] INFO  o.e.m.c.i.embedder.EclipseLogger - skip non existing resourceDirectory C:\Users\hp\Documents\workspace-spring-tool-suite-4-4.15.3.RELEASE\Agevalidation\src\test\resources
2022-08-27 23:36:21,498 [Worker-21: Download sources and javadoc] INFO  o.e.m.c.i.e.AbstractTransferListenerAdapter - Downloading https://repo.maven.apache.org/maven2/mysql/mysql-connector-java/8.0.25/mysql-connector-java-8.0.25-sources.jar
2022-08-27 23:36:22,467 [Worker-21: Download sources and javadoc] INFO  o.e.m.c.i.e.AbstractTransferListenerAdapter - Downloaded https://repo.maven.apache.org/maven2/mysql/mysql-connector-java/8.0.25/mysql-connector-java-8.0.25-sources.jar
2022-08-27 23:36:22,473 [Worker-21: Download sources and javadoc] INFO  o.e.m.j.internal.DownloadSourcesJob - Downloaded sources for mysql:mysql-connector-java:8.0.25
2022-08-27 23:36:23,086 [Worker-21: Download sources and javadoc] INFO  o.e.m.c.i.e.AbstractTransferListenerAdapter - Downloading https://repo.maven.apache.org/maven2/com/google/protobuf/protobuf-java/3.11.4/protobuf-java-3.11.4-sources.jar
2022-08-27 23:36:23,937 [Worker-21: Download sources and javadoc] INFO  o.e.m.c.i.e.AbstractTransferListenerAdapter - Downloaded https://repo.maven.apache.org/maven2/com/google/protobuf/protobuf-java/3.11.4/protobuf-java-3.11.4-sources.jar
2022-08-27 23:36:23,940 [Worker-21: Download sources and javadoc] INFO  o.e.m.j.internal.DownloadSourcesJob - Downloaded sources for com.google.protobuf:protobuf-java:3.11.4
2022-08-27 23:36:24,156 [Worker-22: Building] INFO  o.e.m.c.i.embedder.EclipseLogger - Using 'UTF-8' encoding to copy filtered resources.
2022-08-27 23:36:24,157 [Worker-22: Building] INFO  o.e.m.c.i.embedder.EclipseLogger - skip non existing resourceDirectory C:\Users\hp\Documents\workspace-spring-tool-suite-4-4.15.3.RELEASE\Agevalidation\src\main\resources
2022-08-27 23:36:24,158 [Worker-22: Building] INFO  o.e.m.c.i.embedder.EclipseLogger - Using 'UTF-8' encoding to copy filtered resources.
2022-08-27 23:36:24,159 [Worker-22: Building] INFO  o.e.m.c.i.embedder.EclipseLogger - skip non existing resourceDirectory C:\Users\hp\Documents\workspace-spring-tool-suite-4-4.15.3.RELEASE\Agevalidation\src\test\resources
2022-08-27 23:48:43,740 [Worker-25: Building] INFO  o.e.m.c.i.embedder.EclipseLogger - Using 'UTF-8' encoding to copy filtered resources.
2022-08-27 23:48:43,741 [Worker-25: Building] INFO  o.e.m.c.i.embedder.EclipseLogger - skip non existing resourceDirectory C:\Users\hp\Documents\workspace-spring-tool-suite-4-4.15.3.RELEASE\Agevalidation\src\main\resources
2022-08-27 23:48:43,743 [Worker-25: Building] INFO  o.e.m.c.i.embedder.EclipseLogger - Using 'UTF-8' encoding to copy filtered resources.
2022-08-27 23:48:43,744 [Worker-25: Building] INFO  o.e.m.c.i.embedder.EclipseLogger - skip non existing resourceDirectory C:\Users\hp\Documents\workspace-spring-tool-suite-4-4.15.3.RELEASE\Agevalidation\src\test\resources
2022-08-27 23:48:51,107 [Worker-24: Building] INFO  o.e.m.c.i.embedder.EclipseLogger - Using 'UTF-8' encoding to copy filtered resources.
2022-08-27 23:48:51,108 [Worker-24: Building] INFO  o.e.m.c.i.embedder.EclipseLogger - skip non existing resourceDirectory C:\Users\hp\Documents\workspace-spring-tool-suite-4-4.15.3.RELEASE\Agevalidation\src\main\resources
2022-08-27 23:48:51,110 [Worker-24: Building] INFO  o.e.m.c.i.embedder.EclipseLogger - Using 'UTF-8' encoding to copy filtered resources.
2022-08-27 23:48:51,111 [Worker-24: Building] INFO  o.e.m.c.i.embedder.EclipseLogger - skip non existing resourceDirectory C:\Users\hp\Documents\workspace-spring-tool-suite-4-4.15.3.RELEASE\Agevalidation\src\test\resources
2022-08-27 23:49:35,588 [Worker-26: Building] INFO  o.e.m.c.i.embedder.EclipseLogger - Using 'UTF-8' encoding to copy filtered resources.
2022-08-27 23:49:35,589 [Worker-26: Building] INFO  o.e.m.c.i.embedder.EclipseLogger - skip non existing resourceDirectory C:\Users\hp\Documents\workspace-spring-tool-suite-4-4.15.3.RELEASE\Agevalidation\src\main\resources
2022-08-27 23:49:35,592 [Worker-26: Building] INFO  o.e.m.c.i.embedder.EclipseLogger - Using 'UTF-8' encoding to copy filtered resources.
2022-08-27 23:49:35,593 [Worker-26: Building] INFO  o.e.m.c.i.embedder.EclipseLogger - skip non existing resourceDirectory C:\Users\hp\Documents\workspace-spring-tool-suite-4-4.15.3.RELEASE\Agevalidation\src\test\resources
2022-08-27 23:49:36,609 [Worker-26: Building] INFO  o.e.m.c.i.embedder.EclipseLogger - Using 'UTF-8' encoding to copy filtered resources.
2022-08-27 23:49:36,610 [Worker-26: Building] INFO  o.e.m.c.i.embedder.EclipseLogger - skip non existing resourceDirectory C:\Users\hp\Documents\workspace-spring-tool-suite-4-4.15.3.RELEASE\Agevalidation\src\main\resources
2022-08-27 23:49:36,613 [Worker-26: Building] INFO  o.e.m.c.i.embedder.EclipseLogger - Using 'UTF-8' encoding to copy filtered resources.
2022-08-27 23:49:36,613 [Worker-26: Building] INFO  o.e.m.c.i.embedder.EclipseLogger - skip non existing resourceDirectory C:\Users\hp\Documents\workspace-spring-tool-suite-4-4.15.3.RELEASE\Agevalidation\src\test\resources
2022-08-27 23:52:20,173 [Worker-25: Building] INFO  o.e.m.c.i.embedder.EclipseLogger - Using 'UTF-8' encoding to copy filtered resources.
2022-08-27 23:52:20,174 [Worker-25: Building] INFO  o.e.m.c.i.embedder.EclipseLogger - skip non existing resourceDirectory C:\Users\hp\Documents\workspace-spring-tool-suite-4-4.15.3.RELEASE\Agevalidation\src\main\resources
2022-08-27 23:52:20,178 [Worker-25: Building] INFO  o.e.m.c.i.embedder.EclipseLogger - Using 'UTF-8' encoding to copy filtered resources.
2022-08-27 23:52:20,179 [Worker-25: Building] INFO  o.e.m.c.i.embedder.EclipseLogger - skip non existing resourceDirectory C:\Users\hp\Documents\workspace-spring-tool-suite-4-4.15.3.RELEASE\Agevalidation\src\test\resources
2022-08-28 00:01:48,251 [Worker-27: Building] INFO  o.e.m.c.i.embedder.EclipseLogger - Using 'UTF-8' encoding to copy filtered resources.
2022-08-28 00:01:48,251 [Worker-27: Building] INFO  o.e.m.c.i.embedder.EclipseLogger - skip non existing resourceDirectory C:\Users\hp\Documents\workspace-spring-tool-suite-4-4.15.3.RELEASE\Agevalidation\src\main\resources
2022-08-28 00:01:48,253 [Worker-27: Building] INFO  o.e.m.c.i.embedder.EclipseLogger - Using 'UTF-8' encoding to copy filtered resources.
2022-08-28 00:01:48,254 [Worker-27: Building] INFO  o.e.m.c.i.embedder.EclipseLogger - skip non existing resourceDirectory C:\Users\hp\Documents\workspace-spring-tool-suite-4-4.15.3.RELEASE\Agevalidation\src\test\resources
2022-08-28 00:05:49,107 [Worker-31: Building] ERROR o.e.m.c.i.p.r.ProjectRegistryManager - Could not read pom.xml
org.eclipse.core.runtime.CoreException: Could not read pom.xml
	at org.eclipse.m2e.core.internal.embedder.MavenImpl.readModel(MavenImpl.java:579)
	at org.eclipse.m2e.core.internal.project.registry.ProjectRegistryManager.refreshPhase2(ProjectRegistryManager.java:547)
	at org.eclipse.m2e.core.internal.project.registry.ProjectRegistryManager.refresh(ProjectRegistryManager.java:503)
	at org.eclipse.m2e.core.internal.project.registry.ProjectRegistryManager.refresh(ProjectRegistryManager.java:349)
	at org.eclipse.m2e.core.internal.project.registry.ProjectRegistryManager.refresh(ProjectRegistryManager.java:303)
	at org.eclipse.m2e.core.internal.builder.MavenBuilder$BuildMethod.getProjectFacade(MavenBuilder.java:151)
	at org.eclipse.m2e.core.internal.builder.MavenBuilder$BuildMethod.lambda$0(MavenBuilder.java:89)
	at org.eclipse.m2e.core.internal.embedder.MavenExecutionContext.executeBare(MavenExecutionContext.java:182)
	at org.eclipse.m2e.core.internal.embedder.MavenExecutionContext.execute(MavenExecutionContext.java:156)
	at org.eclipse.m2e.core.internal.embedder.MavenExecutionContext.execute(MavenExecutionContext.java:103)
	at org.eclipse.m2e.core.internal.builder.MavenBuilder$BuildMethod.execute(MavenBuilder.java:88)
	at org.eclipse.m2e.core.internal.builder.MavenBuilder.build(MavenBuilder.java:198)
	at org.eclipse.core.internal.events.BuildManager$2.run(BuildManager.java:1024)
	at org.eclipse.core.runtime.SafeRunner.run(SafeRunner.java:45)
	at org.eclipse.core.internal.events.BuildManager.basicBuild(BuildManager.java:254)
	at org.eclipse.core.internal.events.BuildManager.basicBuild(BuildManager.java:311)
	at org.eclipse.core.internal.events.BuildManager$1.run(BuildManager.java:400)
	at org.eclipse.core.runtime.SafeRunner.run(SafeRunner.java:45)
	at org.eclipse.core.internal.events.BuildManager.basicBuild(BuildManager.java:403)
	at org.eclipse.core.internal.events.BuildManager.basicBuildLoop(BuildManager.java:514)
	at org.eclipse.core.internal.events.BuildManager.basicBuildLoop(BuildManager.java:462)
	at org.eclipse.core.internal.events.BuildManager.build(BuildManager.java:544)
	at org.eclipse.core.internal.events.AutoBuildJob.doBuild(AutoBuildJob.java:161)
	at org.eclipse.core.internal.events.AutoBuildJob.run(AutoBuildJob.java:255)
	at org.eclipse.core.internal.jobs.Worker.run(Worker.java:63)
Caused by: org.apache.maven.model.io.ModelParseException: Expected root element 'project' but found 'dependency' (position: START_TAG seen ...- https://mvnrepository.com/artifact/junit/junit -->\r\n<dependency>... @2:13) 
	at org.apache.maven.model.io.DefaultModelReader.read(DefaultModelReader.java:117)
	at org.apache.maven.model.io.DefaultModelReader.read(DefaultModelReader.java:85)
	at org.eclipse.m2e.core.internal.embedder.MavenImpl.readModel(MavenImpl.java:577)
	... 24 common frames omitted
Caused by: org.codehaus.plexus.util.xml.pull.XmlPullParserException: Expected root element 'project' but found 'dependency' (position: START_TAG seen ...- https://mvnrepository.com/artifact/junit/junit -->\r\n<dependency>... @2:13) 
	at org.apache.maven.model.io.xpp3.MavenXpp3Reader.read(MavenXpp3Reader.java:3865)
	at org.apache.maven.model.io.xpp3.MavenXpp3Reader.read(MavenXpp3Reader.java:595)
	at org.apache.maven.model.io.DefaultModelReader.read(DefaultModelReader.java:112)
	... 26 common frames omitted
2022-08-28 00:05:50,376 [Worker-31: Building] ERROR o.e.m.c.i.p.r.ProjectRegistryManager - Could not read pom.xml
org.eclipse.core.runtime.CoreException: Could not read pom.xml
	at org.eclipse.m2e.core.internal.embedder.MavenImpl.readModel(MavenImpl.java:579)
	at org.eclipse.m2e.core.internal.project.registry.ProjectRegistryManager.refreshPhase2(ProjectRegistryManager.java:547)
	at org.eclipse.m2e.core.internal.project.registry.ProjectRegistryManager.refresh(ProjectRegistryManager.java:503)
	at org.eclipse.m2e.core.internal.project.registry.ProjectRegistryManager.refresh(ProjectRegistryManager.java:349)
	at org.eclipse.m2e.core.internal.project.registry.ProjectRegistryManager.refresh(ProjectRegistryManager.java:303)
	at org.eclipse.m2e.core.internal.builder.MavenBuilder$BuildMethod.getProjectFacade(MavenBuilder.java:151)
	at org.eclipse.m2e.core.internal.builder.MavenBuilder$BuildMethod.lambda$0(MavenBuilder.java:89)
	at org.eclipse.m2e.core.internal.embedder.MavenExecutionContext.executeBare(MavenExecutionContext.java:182)
	at org.eclipse.m2e.core.internal.embedder.MavenExecutionContext.execute(MavenExecutionContext.java:156)
	at org.eclipse.m2e.core.internal.embedder.MavenExecutionContext.execute(MavenExecutionContext.java:103)
	at org.eclipse.m2e.core.internal.builder.MavenBuilder$BuildMethod.execute(MavenBuilder.java:88)
	at org.eclipse.m2e.core.internal.builder.MavenBuilder.build(MavenBuilder.java:198)
	at org.eclipse.core.internal.events.BuildManager$2.run(BuildManager.java:1024)
	at org.eclipse.core.runtime.SafeRunner.run(SafeRunner.java:45)
	at org.eclipse.core.internal.events.BuildManager.basicBuild(BuildManager.java:254)
	at org.eclipse.core.internal.events.BuildManager.basicBuild(BuildManager.java:311)
	at org.eclipse.core.internal.events.BuildManager$1.run(BuildManager.java:400)
	at org.eclipse.core.runtime.SafeRunner.run(SafeRunner.java:45)
	at org.eclipse.core.internal.events.BuildManager.basicBuild(BuildManager.java:403)
	at org.eclipse.core.internal.events.BuildManager.basicBuildLoop(BuildManager.java:514)
	at org.eclipse.core.internal.events.BuildManager.basicBuildLoop(BuildManager.java:462)
	at org.eclipse.core.internal.events.BuildManager.build(BuildManager.java:544)
	at org.eclipse.core.internal.events.AutoBuildJob.doBuild(AutoBuildJob.java:161)
	at org.eclipse.core.internal.events.AutoBuildJob.run(AutoBuildJob.java:255)
	at org.eclipse.core.internal.jobs.Worker.run(Worker.java:63)
Caused by: org.apache.maven.model.io.ModelParseException: Expected root element 'project' but found 'dependency' (position: START_TAG seen ...- https://mvnrepository.com/artifact/junit/junit -->\r\n<dependency>... @2:13) 
	at org.apache.maven.model.io.DefaultModelReader.read(DefaultModelReader.java:117)
	at org.apache.maven.model.io.DefaultModelReader.read(DefaultModelReader.java:85)
	at org.eclipse.m2e.core.internal.embedder.MavenImpl.readModel(MavenImpl.java:577)
	... 24 common frames omitted
Caused by: org.codehaus.plexus.util.xml.pull.XmlPullParserException: Expected root element 'project' but found 'dependency' (position: START_TAG seen ...- https://mvnrepository.com/artifact/junit/junit -->\r\n<dependency>... @2:13) 
	at org.apache.maven.model.io.xpp3.MavenXpp3Reader.read(MavenXpp3Reader.java:3865)
	at org.apache.maven.model.io.xpp3.MavenXpp3Reader.read(MavenXpp3Reader.java:595)
	at org.apache.maven.model.io.DefaultModelReader.read(DefaultModelReader.java:112)
	... 26 common frames omitted
2022-08-28 00:05:52,360 [Worker-32: reload maven project] ERROR o.e.m.c.i.p.r.ProjectRegistryManager - Failed to read Maven project: Some problems were encountered while processing the POMs:
[FATAL] Non-parseable POM C:\Users\hp\Documents\workspace-spring-tool-suite-4-4.15.3.RELEASE\Agevalidation\pom.xml: start tag not allowed in epilog but got d (position: END_TAG seen ...ency>\r\n<!-- https://mvnrepository.com/artifact/junit/junit -->\r\n<d... @9:3)  @ line 9, column 3

org.apache.maven.project.ProjectBuildingException: Some problems were encountered while processing the POMs:
[FATAL] Non-parseable POM C:\Users\hp\Documents\workspace-spring-tool-suite-4-4.15.3.RELEASE\Agevalidation\pom.xml: start tag not allowed in epilog but got d (position: END_TAG seen ...ency>\r\n<!-- https://mvnrepository.com/artifact/junit/junit -->\r\n<d... @9:3)  @ line 9, column 3

	at org.eclipse.m2e.core.internal.embedder.MavenImpl.readMavenProjects(MavenImpl.java:696)
	at org.eclipse.m2e.core.internal.project.registry.ProjectRegistryManager.lambda$16(ProjectRegistryManager.java:851)
	at org.eclipse.m2e.core.internal.embedder.MavenExecutionContext.executeBare(MavenExecutionContext.java:182)
	at org.eclipse.m2e.core.internal.embedder.MavenExecutionContext.execute(MavenExecutionContext.java:156)
	at org.eclipse.m2e.core.internal.embedder.MavenExecutionContext.execute(MavenExecutionContext.java:103)
	at org.eclipse.m2e.core.internal.project.registry.ProjectRegistryManager.execute(ProjectRegistryManager.java:1009)
	at org.eclipse.m2e.core.internal.project.registry.ProjectRegistryManager.readProjectsWithDependencies(ProjectRegistryManager.java:847)
	at org.eclipse.m2e.core.internal.project.registry.ProjectRegistryManager.create(ProjectRegistryManager.java:201)
	at org.eclipse.m2e.core.internal.project.registry.MavenProjectManager.create(MavenProjectManager.java:87)
	at org.eclipse.m2e.core.ui.internal.actions.SelectionUtil.getMavenProject(SelectionUtil.java:255)
	at org.eclipse.m2e.editor.pom.MavenPomEditor.readMavenProject(MavenPomEditor.java:659)
	at org.eclipse.m2e.editor.pom.MavenPomEditor$3.run(MavenPomEditor.java:979)
	at org.eclipse.core.internal.jobs.Worker.run(Worker.java:63)
2022-08-28 00:18:51,519 [Worker-33: Launching AgeVerficationTest] INFO  o.e.m.c.i.l.LifecycleMappingFactory - Using org.eclipse.m2e.jdt.JarLifecycleMapping lifecycle mapping for MavenProject: Project:Agevalidation:0.0.1-SNAPSHOT @ C:\Users\hp\Documents\workspace-spring-tool-suite-4-4.15.3.RELEASE\Agevalidation\pom.xml.
2022-08-28 00:18:52,208 [Worker-33: Launching AgeVerficationTest] INFO  o.e.m.c.i.embedder.EclipseLogger - Using 'UTF-8' encoding to copy filtered resources.
2022-08-28 00:18:52,208 [Worker-33: Launching AgeVerficationTest] INFO  o.e.m.c.i.embedder.EclipseLogger - skip non existing resourceDirectory C:\Users\hp\Documents\workspace-spring-tool-suite-4-4.15.3.RELEASE\Agevalidation\src\main\resources
2022-08-28 00:18:52,212 [Worker-33: Launching AgeVerficationTest] INFO  o.e.m.c.i.embedder.EclipseLogger - Using 'UTF-8' encoding to copy filtered resources.
2022-08-28 00:18:52,212 [Worker-33: Launching AgeVerficationTest] INFO  o.e.m.c.i.embedder.EclipseLogger - skip non existing resourceDirectory C:\Users\hp\Documents\workspace-spring-tool-suite-4-4.15.3.RELEASE\Agevalidation\src\test\resources
2022-08-28 00:18:52,422 [Worker-35: Building] INFO  o.e.m.c.i.embedder.EclipseLogger - Using 'UTF-8' encoding to copy filtered resources.
2022-08-28 00:18:52,422 [Worker-35: Building] INFO  o.e.m.c.i.embedder.EclipseLogger - skip non existing resourceDirectory C:\Users\hp\Documents\workspace-spring-tool-suite-4-4.15.3.RELEASE\Agevalidation\src\main\resources
2022-08-28 00:18:52,424 [Worker-35: Building] INFO  o.e.m.c.i.embedder.EclipseLogger - Using 'UTF-8' encoding to copy filtered resources.
2022-08-28 00:18:52,424 [Worker-35: Building] INFO  o.e.m.c.i.embedder.EclipseLogger - skip non existing resourceDirectory C:\Users\hp\Documents\workspace-spring-tool-suite-4-4.15.3.RELEASE\Agevalidation\src\test\resources
2022-08-28 00:18:53,761 [Worker-36: Download sources and javadoc] INFO  o.e.m.c.i.e.AbstractTransferListenerAdapter - Downloading https://repo.maven.apache.org/maven2/junit/junit/4.13.2/junit-4.13.2-sources.jar
2022-08-28 00:18:54,284 [Worker-36: Download sources and javadoc] INFO  o.e.m.c.i.e.AbstractTransferListenerAdapter - Downloaded https://repo.maven.apache.org/maven2/junit/junit/4.13.2/junit-4.13.2-sources.jar
2022-08-28 00:18:54,288 [Worker-36: Download sources and javadoc] INFO  o.e.m.j.internal.DownloadSourcesJob - Downloaded sources for junit:junit:4.13.2
2022-08-28 00:18:54,969 [Worker-36: Download sources and javadoc] INFO  o.e.m.c.i.e.AbstractTransferListenerAdapter - Downloading https://repo.maven.apache.org/maven2/org/hamcrest/hamcrest-core/1.3/hamcrest-core-1.3-sources.jar
2022-08-28 00:18:55,453 [Worker-36: Download sources and javadoc] INFO  o.e.m.c.i.e.AbstractTransferListenerAdapter - Downloaded https://repo.maven.apache.org/maven2/org/hamcrest/hamcrest-core/1.3/hamcrest-core-1.3-sources.jar
2022-08-28 00:18:55,458 [Worker-36: Download sources and javadoc] INFO  o.e.m.j.internal.DownloadSourcesJob - Downloaded sources for org.hamcrest:hamcrest-core:1.3
2022-08-28 00:18:55,594 [Worker-26: Building] INFO  o.e.m.c.i.embedder.EclipseLogger - Using 'UTF-8' encoding to copy filtered resources.
2022-08-28 00:18:55,594 [Worker-26: Building] INFO  o.e.m.c.i.embedder.EclipseLogger - skip non existing resourceDirectory C:\Users\hp\Documents\workspace-spring-tool-suite-4-4.15.3.RELEASE\Agevalidation\src\main\resources
2022-08-28 00:18:55,595 [Worker-26: Building] INFO  o.e.m.c.i.embedder.EclipseLogger - Using 'UTF-8' encoding to copy filtered resources.
2022-08-28 00:18:55,595 [Worker-26: Building] INFO  o.e.m.c.i.embedder.EclipseLogger - skip non existing resourceDirectory C:\Users\hp\Documents\workspace-spring-tool-suite-4-4.15.3.RELEASE\Agevalidation\src\test\resources
2022-08-28 00:20:20,557 [Worker-34: Launching AgeVerficationTest] INFO  o.e.m.c.i.embedder.EclipseLogger - Using 'UTF-8' encoding to copy filtered resources.
2022-08-28 00:20:20,558 [Worker-34: Launching AgeVerficationTest] INFO  o.e.m.c.i.embedder.EclipseLogger - skip non existing resourceDirectory C:\Users\hp\Documents\workspace-spring-tool-suite-4-4.15.3.RELEASE\Agevalidation\src\main\resources
2022-08-28 00:20:20,563 [Worker-34: Launching AgeVerficationTest] INFO  o.e.m.c.i.embedder.EclipseLogger - Using 'UTF-8' encoding to copy filtered resources.
2022-08-28 00:20:20,564 [Worker-34: Launching AgeVerficationTest] INFO  o.e.m.c.i.embedder.EclipseLogger - skip non existing resourceDirectory C:\Users\hp\Documents\workspace-spring-tool-suite-4-4.15.3.RELEASE\Agevalidation\src\test\resources
2022-08-28 00:27:25,848 [Worker-36: Updating Maven Project] INFO  o.e.m.c.i.p.ProjectConfigurationManager - Update started
2022-08-28 00:27:26,158 [Worker-36: Updating Maven Project] INFO  o.e.m.c.i.l.LifecycleMappingFactory - Using org.eclipse.m2e.jdt.JarLifecycleMapping lifecycle mapping for MavenProject: Project:Agevalidation:0.0.1-SNAPSHOT @ C:\Users\hp\Documents\workspace-spring-tool-suite-4-4.15.3.RELEASE\Agevalidation\pom.xml.
2022-08-28 00:27:26,282 [Worker-36: Updating Maven Project] INFO  o.e.m.j.i.AbstractJavaProjectConfigurator - Adding source folder /Agevalidation/src/main/java
2022-08-28 00:27:26,284 [Worker-36: Updating Maven Project] INFO  o.e.m.j.i.AbstractJavaProjectConfigurator - Adding source folder /Agevalidation/src/test/java
2022-08-28 00:27:26,467 [Worker-36: Updating Maven Project] INFO  o.e.m.c.i.p.ProjectConfigurationManager - Update completed: 0 sec
2022-08-28 00:27:26,724 [Worker-41: Building] INFO  o.e.m.c.i.embedder.EclipseLogger - Using 'UTF-8' encoding to copy filtered resources.
2022-08-28 00:27:26,725 [Worker-41: Building] INFO  o.e.m.c.i.embedder.EclipseLogger - skip non existing resourceDirectory C:\Users\hp\Documents\workspace-spring-tool-suite-4-4.15.3.RELEASE\Agevalidation\src\main\resources
2022-08-28 00:27:26,727 [Worker-41: Building] INFO  o.e.m.c.i.embedder.EclipseLogger - Using 'UTF-8' encoding to copy filtered resources.
2022-08-28 00:27:26,727 [Worker-41: Building] INFO  o.e.m.c.i.embedder.EclipseLogger - skip non existing resourceDirectory C:\Users\hp\Documents\workspace-spring-tool-suite-4-4.15.3.RELEASE\Agevalidation\src\test\resources
2022-08-28 00:28:30,090 [main] INFO  o.e.m2e.actions.ExecutePomAction - Creating new launch configuration
2022-08-28 00:29:34,782 [Worker-40: Launching Agevalidation] INFO  o.e.m.i.launch.MavenLaunchDelegate - C:\Users\hp\Documents\workspace-spring-tool-suite-4-4.15.3.RELEASE\Agevalidation
2022-08-28 00:29:34,793 [Worker-40: Launching Agevalidation] INFO  o.e.m.i.launch.MavenLaunchDelegate -  mvn -B clean -Dstyle.color=always -Dstyle.color=always
2022-08-28 00:30:58,637 [main] INFO  o.e.m2e.actions.ExecutePomAction - Creating new launch configuration
2022-08-28 00:31:04,786 [Worker-40: Launching Agevalidation (1)] INFO  o.e.m.i.launch.MavenLaunchDelegate - C:\Users\hp\Documents\workspace-spring-tool-suite-4-4.15.3.RELEASE\Agevalidation
2022-08-28 00:31:04,786 [Worker-40: Launching Agevalidation (1)] INFO  o.e.m.i.launch.MavenLaunchDelegate -  mvn -B clean -Dstyle.color=always -Dstyle.color=always
2022-08-28 00:35:58,597 [main] INFO  o.e.m2e.actions.ExecutePomAction - Creating new launch configuration
2022-08-28 00:37:47,632 [Worker-36: Launching Agevalidation (2)] INFO  o.e.m.i.launch.MavenLaunchDelegate - C:\Users\hp\Documents\workspace-spring-tool-suite-4-4.15.3.RELEASE\Agevalidation
2022-08-28 00:37:47,632 [Worker-36: Launching Agevalidation (2)] INFO  o.e.m.i.launch.MavenLaunchDelegate -  mvn -B compile -Dstyle.color=always -Dstyle.color=always
2022-08-28 09:19:36,874 [Worker-47: Building] INFO  o.e.m.c.i.embedder.EclipseLogger - Using 'UTF-8' encoding to copy filtered resources.
2022-08-28 09:19:36,874 [Worker-47: Building] INFO  o.e.m.c.i.embedder.EclipseLogger - skip non existing resourceDirectory C:\Users\hp\Documents\workspace-spring-tool-suite-4-4.15.3.RELEASE\Agevalidation\src\main\resources
2022-08-28 09:19:36,875 [Worker-47: Building] INFO  o.e.m.c.i.embedder.EclipseLogger - Using 'UTF-8' encoding to copy filtered resources.
2022-08-28 09:19:36,875 [Worker-47: Building] INFO  o.e.m.c.i.embedder.EclipseLogger - skip non existing resourceDirectory C:\Users\hp\Documents\workspace-spring-tool-suite-4-4.15.3.RELEASE\Agevalidation\src\test\resources
2022-08-28 09:19:55,635 [Worker-52: Building] INFO  o.e.m.c.i.embedder.EclipseLogger - Using 'UTF-8' encoding to copy filtered resources.
2022-08-28 09:19:55,636 [Worker-52: Building] INFO  o.e.m.c.i.embedder.EclipseLogger - skip non existing resourceDirectory C:\Users\hp\Documents\workspace-spring-tool-suite-4-4.15.3.RELEASE\Agevalidation\src\main\resources
2022-08-28 09:19:55,637 [Worker-52: Building] INFO  o.e.m.c.i.embedder.EclipseLogger - Using 'UTF-8' encoding to copy filtered resources.
2022-08-28 09:19:55,638 [Worker-52: Building] INFO  o.e.m.c.i.embedder.EclipseLogger - skip non existing resourceDirectory C:\Users\hp\Documents\workspace-spring-tool-suite-4-4.15.3.RELEASE\Agevalidation\src\test\resources
2022-08-28 09:21:03,080 [Worker-47: Building] INFO  o.e.m.c.i.embedder.EclipseLogger - Using 'UTF-8' encoding to copy filtered resources.
2022-08-28 09:21:03,080 [Worker-47: Building] INFO  o.e.m.c.i.embedder.EclipseLogger - skip non existing resourceDirectory C:\Users\hp\Documents\workspace-spring-tool-suite-4-4.15.3.RELEASE\Agevalidation\src\main\resources
2022-08-28 09:21:03,081 [Worker-47: Building] INFO  o.e.m.c.i.embedder.EclipseLogger - Using 'UTF-8' encoding to copy filtered resources.
2022-08-28 09:21:03,082 [Worker-47: Building] INFO  o.e.m.c.i.embedder.EclipseLogger - skip non existing resourceDirectory C:\Users\hp\Documents\workspace-spring-tool-suite-4-4.15.3.RELEASE\Agevalidation\src\test\resources
2022-08-28 09:21:10,261 [Worker-52: Building] INFO  o.e.m.c.i.embedder.EclipseLogger - Using 'UTF-8' encoding to copy filtered resources.
2022-08-28 09:21:10,262 [Worker-52: Building] INFO  o.e.m.c.i.embedder.EclipseLogger - skip non existing resourceDirectory C:\Users\hp\Documents\workspace-spring-tool-suite-4-4.15.3.RELEASE\Agevalidation\src\main\resources
2022-08-28 09:21:10,263 [Worker-52: Building] INFO  o.e.m.c.i.embedder.EclipseLogger - Using 'UTF-8' encoding to copy filtered resources.
2022-08-28 09:21:10,264 [Worker-52: Building] INFO  o.e.m.c.i.embedder.EclipseLogger - skip non existing resourceDirectory C:\Users\hp\Documents\workspace-spring-tool-suite-4-4.15.3.RELEASE\Agevalidation\src\test\resources
2022-08-28 09:21:45,200 [main] INFO  o.e.m2e.actions.ExecutePomAction - Creating new launch configuration
2022-08-28 09:21:53,158 [Worker-47: Launching Agevalidation (3)] INFO  o.e.m.i.launch.MavenLaunchDelegate - C:\Users\hp\Documents\workspace-spring-tool-suite-4-4.15.3.RELEASE\Agevalidation
2022-08-28 09:21:53,158 [Worker-47: Launching Agevalidation (3)] INFO  o.e.m.i.launch.MavenLaunchDelegate -  mvn -B compile -Dstyle.color=always -Dstyle.color=always
2022-08-28 22:48:04,648 [Worker-3: Loading available Gradle versions] INFO  o.e.b.c.i.u.g.PublishedGradleVersions - Gradle version information cache is up-to-date. Trying to read.
2022-08-28 22:57:32,329 [main] INFO  o.e.m2e.actions.ExecutePomAction - Creating new launch configuration
2022-08-28 22:57:54,039 [Worker-0: Launching Agevalidation (4)] INFO  o.e.m.i.launch.MavenLaunchDelegate - C:\Users\hp\Documents\workspace-spring-tool-suite-4-4.15.3.RELEASE\Agevalidation
2022-08-28 22:57:54,063 [Worker-0: Launching Agevalidation (4)] INFO  o.e.m.i.launch.MavenLaunchDelegate -  mvn -B test-compile -Dstyle.color=always -Dstyle.color=always
2022-08-28 23:00:10,671 [main] INFO  o.e.m2e.actions.ExecutePomAction - Creating new launch configuration
2022-08-28 23:00:25,639 [Worker-0: Launching Agevalidation (5)] INFO  o.e.m.i.launch.MavenLaunchDelegate - C:\Users\hp\Documents\workspace-spring-tool-suite-4-4.15.3.RELEASE\Agevalidation
2022-08-28 23:00:25,639 [Worker-0: Launching Agevalidation (5)] INFO  o.e.m.i.launch.MavenLaunchDelegate -  mvn -B package -Dstyle.color=always -Dstyle.color=always
2022-08-28 23:03:16,228 [Worker-18: Building] INFO  o.e.m.c.i.embedder.EclipseLogger - Using 'UTF-8' encoding to copy filtered resources.
2022-08-28 23:03:16,229 [Worker-18: Building] INFO  o.e.m.c.i.embedder.EclipseLogger - skip non existing resourceDirectory C:\Users\hp\Documents\workspace-spring-tool-suite-4-4.15.3.RELEASE\Agevalidation\src\main\resources
2022-08-28 23:03:16,231 [Worker-18: Building] INFO  o.e.m.c.i.embedder.EclipseLogger - Using 'UTF-8' encoding to copy filtered resources.
2022-08-28 23:03:16,232 [Worker-18: Building] INFO  o.e.m.c.i.embedder.EclipseLogger - skip non existing resourceDirectory C:\Users\hp\Documents\workspace-spring-tool-suite-4-4.15.3.RELEASE\Agevalidation\src\test\resources
2022-09-13 11:54:17,773 [Worker-3: Loading available Gradle versions] INFO  o.e.b.c.i.u.g.PublishedGradleVersions - Gradle version information cache is up-to-date. Trying to read.
2022-09-13 11:55:04,732 [Worker-5: Loading available Gradle versions] INFO  o.e.b.c.i.u.g.PublishedGradleVersions - Gradle version information cache is up-to-date. Trying to read.
2022-09-17 07:33:48,524 [Worker-3: Loading available Gradle versions] INFO  o.e.b.c.i.u.g.PublishedGradleVersions - Gradle version information cache is out-of-date. Trying to update.
